[debug] [2022-04-12T23:41:15.544Z] ----------------------------------------------------------------------
[debug] [2022-04-12T23:41:15.645Z] Command:       C:\Program Files\nodejs\node.exe C:\Users\josh_\AppData\Roaming\npm\node_modules\firebase-tools\lib\bin\firebase.js init
[debug] [2022-04-12T23:41:15.646Z] CLI Version:   10.5.0
[debug] [2022-04-12T23:41:15.647Z] Platform:      win32
[debug] [2022-04-12T23:41:15.647Z] Node Version:  v16.13.2
[debug] [2022-04-12T23:41:16.733Z] Time:          Tue Apr 12 2022 19:41:15 GMT-0400 (hora estándar de Chile)
[debug] [2022-04-12T23:41:16.733Z] ----------------------------------------------------------------------
[debug] 
[debug] [2022-04-12T23:41:16.868Z] >>> [apiv2][query] GET https://firebase-public.firebaseio.com/cli.json [none]
[debug] [2022-04-12T23:41:16.954Z] > command requires scopes: ["email","openid","https://www.googleapis.com/auth/cloudplatformprojects.readonly","https://www.googleapis.com/auth/firebase","https://www.googleapis.com/auth/cloud-platform"]
[debug] [2022-04-12T23:41:16.954Z] > authorizing via signed-in user (josh6669@gmail.com)
[info] 
     ######## #### ########  ######## ########     ###     ######  ########
     ##        ##  ##     ## ##       ##     ##  ##   ##  ##       ##
     ######    ##  ########  ######   ########  #########  ######  ######
     ##        ##  ##    ##  ##       ##     ## ##     ##       ## ##
     ##       #### ##     ## ######## ########  ##     ##  ######  ########

You're about to initialize a Firebase project in this directory:

  C:\Users\josh_\Desktop\vue\cursos-alfaweb

[debug] [2022-04-12T23:41:17.768Z] <<< [apiv2][status] GET https://firebase-public.firebaseio.com/cli.json 200
[debug] [2022-04-12T23:41:17.769Z] <<< [apiv2][body] GET https://firebase-public.firebaseio.com/cli.json {"cloudBuildErrorAfter":1594252800000,"cloudBuildWarnAfter":1590019200000,"defaultNode10After":1594252800000,"minVersion":"3.0.5","node8DeploysDisabledAfter":1613390400000,"node8RuntimeDisabledAfter":1615809600000,"node8WarnAfter":1600128000000}
